2017-02-23 09:18:33	./LMS/Models/Admin/Mailer   jeffrey@wj2015.com.cn:<!DOCTYPE html>
<html lang="en">
<head>
    <meta charset="UTF-8">
    <title>注册邮件</title>
</head>
<body>
<h1>尊敬的wang-2，您好！</h1>


<p>点击链接即可激活您的慕课账号,</p>

<a href="http://localhost/ThinkPHP/index.php?s=/Index/Register/active/active/671e9f901548e3b366001698ce16d335de68eac1">http://localhost/ThinkPHP/index.php?s=/Index/Register/active/active/671e9f901548e3b366001698ce16d335de68eac1</a>
<p>为保障您的帐号安全，请在24小时内点击该链接，您也可以将链接复制到浏览器地址栏访问。如果您并未尝试激活邮箱，请忽略本邮件，由此给您带来的不便请谅解。</p>


<p>本邮件由系统自动发出，请勿直接回复！</p>
</body>
</html>
2017-02-23 09:18:58	./LMS/Models/Admin/Mailer   jeffrey@wj2015.com.cn:<!DOCTYPE html>
<html lang="en">
<head>
    <meta charset="UTF-8">
    <title>注册邮件</title>
</head>
<body>
<h1>尊敬的wang-2，您好！</h1>


<p>点击链接即可激活您的慕课账号,</p>

<a href="http://localhost/ThinkPHP/index.php?s=/Index/Register/active/active/671e9f901548e3b366001698ce16d335de68eac1">http://localhost/ThinkPHP/index.php?s=/Index/Register/active/active/671e9f901548e3b366001698ce16d335de68eac1</a>
<p>为保障您的帐号安全，请在24小时内点击该链接，您也可以将链接复制到浏览器地址栏访问。如果您并未尝试激活邮箱，请忽略本邮件，由此给您带来的不便请谅解。</p>


<p>本邮件由系统自动发出，请勿直接回复！</p>
</body>
</html>
2017-02-23 09:19:20	./LMS/Models/Admin/Mailer   jeffrey@wj2015.com.cn:<!DOCTYPE html>
<html lang="en">
<head>
    <meta charset="UTF-8">
    <title>注册邮件</title>
</head>
<body>
<h1>尊敬的wang-2，您好！</h1>


<p>点击链接即可激活您的慕课账号,</p>

<a href="http://localhost/ThinkPHP/index.php?s=/Index/Register/active/active/671e9f901548e3b366001698ce16d335de68eac1">http://localhost/ThinkPHP/index.php?s=/Index/Register/active/active/671e9f901548e3b366001698ce16d335de68eac1</a>
<p>为保障您的帐号安全，请在24小时内点击该链接，您也可以将链接复制到浏览器地址栏访问。如果您并未尝试激活邮箱，请忽略本邮件，由此给您带来的不便请谅解。</p>


<p>本邮件由系统自动发出，请勿直接回复！</p>
</body>
</html>
2017-02-23 09:19:26	./LMS/Models/Admin/Mailer   jeffrey@wj2015.com.cn:<!DOCTYPE html>
<html lang="en">
<head>
    <meta charset="UTF-8">
    <title>注册邮件</title>
</head>
<body>
<h1>尊敬的wang-2，您好！</h1>


<p>点击链接即可激活您的慕课账号,</p>

<a href="http://localhost/ThinkPHP/index.php?s=/Index/Register/active/active/671e9f901548e3b366001698ce16d335de68eac1">http://localhost/ThinkPHP/index.php?s=/Index/Register/active/active/671e9f901548e3b366001698ce16d335de68eac1</a>
<p>为保障您的帐号安全，请在24小时内点击该链接，您也可以将链接复制到浏览器地址栏访问。如果您并未尝试激活邮箱，请忽略本邮件，由此给您带来的不便请谅解。</p>


<p>本邮件由系统自动发出，请勿直接回复！</p>
</body>
</html>
2017-02-23 09:19:34	./LMS/Models/Admin/Mailer   jeffrey@wj2015.com.cn:<!DOCTYPE html>
<html lang="en">
<head>
    <meta charset="UTF-8">
    <title>注册邮件</title>
</head>
<body>
<h1>尊敬的wang-2，您好！</h1>


<p>点击链接即可激活您的慕课账号,</p>

<a href="http://localhost/ThinkPHP/index.php?s=/Index/Register/active/active/671e9f901548e3b366001698ce16d335de68eac1">http://localhost/ThinkPHP/index.php?s=/Index/Register/active/active/671e9f901548e3b366001698ce16d335de68eac1</a>
<p>为保障您的帐号安全，请在24小时内点击该链接，您也可以将链接复制到浏览器地址栏访问。如果您并未尝试激活邮箱，请忽略本邮件，由此给您带来的不便请谅解。</p>


<p>本邮件由系统自动发出，请勿直接回复！</p>
</body>
</html>
2017-02-23 09:19:39	./LMS/Models/Admin/Mailer   jeffrey@wj2015.com.cn:<!DOCTYPE html>
<html lang="en">
<head>
    <meta charset="UTF-8">
    <title>注册邮件</title>
</head>
<body>
<h1>尊敬的wang-2，您好！</h1>


<p>点击链接即可激活您的慕课账号,</p>

<a href="http://localhost/ThinkPHP/index.php?s=/Index/Register/active/active/671e9f901548e3b366001698ce16d335de68eac1">http://localhost/ThinkPHP/index.php?s=/Index/Register/active/active/671e9f901548e3b366001698ce16d335de68eac1</a>
<p>为保障您的帐号安全，请在24小时内点击该链接，您也可以将链接复制到浏览器地址栏访问。如果您并未尝试激活邮箱，请忽略本邮件，由此给您带来的不便请谅解。</p>


<p>本邮件由系统自动发出，请勿直接回复！</p>
</body>
</html>
2017-02-23 09:19:46	./LMS/Models/Admin/Mailer   jeffrey@wj2015.com.cn:<!DOCTYPE html>
<html lang="en">
<head>
    <meta charset="UTF-8">
    <title>注册邮件</title>
</head>
<body>
<h1>尊敬的wang-2，您好！</h1>


<p>点击链接即可激活您的慕课账号,</p>

<a href="http://localhost/ThinkPHP/index.php?s=/Index/Register/active/active/671e9f901548e3b366001698ce16d335de68eac1">http://localhost/ThinkPHP/index.php?s=/Index/Register/active/active/671e9f901548e3b366001698ce16d335de68eac1</a>
<p>为保障您的帐号安全，请在24小时内点击该链接，您也可以将链接复制到浏览器地址栏访问。如果您并未尝试激活邮箱，请忽略本邮件，由此给您带来的不便请谅解。</p>


<p>本邮件由系统自动发出，请勿直接回复！</p>
</body>
</html>
2017-02-23 09:19:54	./LMS/Models/Admin/Mailer   jeffrey@wj2015.com.cn:<!DOCTYPE html>
<html lang="en">
<head>
    <meta charset="UTF-8">
    <title>注册邮件</title>
</head>
<body>
<h1>尊敬的wang-2，您好！</h1>


<p>点击链接即可激活您的慕课账号,</p>

<a href="http://localhost/ThinkPHP/index.php?s=/Index/Register/active/active/671e9f901548e3b366001698ce16d335de68eac1">http://localhost/ThinkPHP/index.php?s=/Index/Register/active/active/671e9f901548e3b366001698ce16d335de68eac1</a>
<p>为保障您的帐号安全，请在24小时内点击该链接，您也可以将链接复制到浏览器地址栏访问。如果您并未尝试激活邮箱，请忽略本邮件，由此给您带来的不便请谅解。</p>


<p>本邮件由系统自动发出，请勿直接回复！</p>
</body>
</html>
2017-02-23 09:19:58	./LMS/Models/Admin/Mailer   jeffrey@wj2015.com.cn:<!DOCTYPE html>
<html lang="en">
<head>
    <meta charset="UTF-8">
    <title>注册邮件</title>
</head>
<body>
<h1>尊敬的wang-2，您好！</h1>


<p>点击链接即可激活您的慕课账号,</p>

<a href="http://localhost/ThinkPHP/index.php?s=/Index/Register/active/active/671e9f901548e3b366001698ce16d335de68eac1">http://localhost/ThinkPHP/index.php?s=/Index/Register/active/active/671e9f901548e3b366001698ce16d335de68eac1</a>
<p>为保障您的帐号安全，请在24小时内点击该链接，您也可以将链接复制到浏览器地址栏访问。如果您并未尝试激活邮箱，请忽略本邮件，由此给您带来的不便请谅解。</p>


<p>本邮件由系统自动发出，请勿直接回复！</p>
</body>
</html>
2017-02-23 09:20:04	./LMS/Models/Admin/Mailer   jeffrey@wj2015.com.cn:<!DOCTYPE html>
<html lang="en">
<head>
    <meta charset="UTF-8">
    <title>注册邮件</title>
</head>
<body>
<h1>尊敬的wang-2，您好！</h1>


<p>点击链接即可激活您的慕课账号,</p>

<a href="http://localhost/ThinkPHP/index.php?s=/Index/Register/active/active/671e9f901548e3b366001698ce16d335de68eac1">http://localhost/ThinkPHP/index.php?s=/Index/Register/active/active/671e9f901548e3b366001698ce16d335de68eac1</a>
<p>为保障您的帐号安全，请在24小时内点击该链接，您也可以将链接复制到浏览器地址栏访问。如果您并未尝试激活邮箱，请忽略本邮件，由此给您带来的不便请谅解。</p>


<p>本邮件由系统自动发出，请勿直接回复！</p>
</body>
</html>
2017-02-23 09:20:36	./LMS/Models/Admin/Mailer   jeffrey@wj2015.com.cn:<!DOCTYPE html>
<html lang="en">
<head>
    <meta charset="UTF-8">
    <title>注册邮件</title>
</head>
<body>
<h1>尊敬的wang-2，您好！</h1>


<p>点击链接即可激活您的慕课账号,</p>

<a href="http://localhost/ThinkPHP/index.php?s=/Index/Register/active/active/671e9f901548e3b366001698ce16d335de68eac1">http://localhost/ThinkPHP/index.php?s=/Index/Register/active/active/671e9f901548e3b366001698ce16d335de68eac1</a>
<p>为保障您的帐号安全，请在24小时内点击该链接，您也可以将链接复制到浏览器地址栏访问。如果您并未尝试激活邮箱，请忽略本邮件，由此给您带来的不便请谅解。</p>


<p>本邮件由系统自动发出，请勿直接回复！</p>
</body>
</html>
2017-02-23 09:20:39	./LMS/Models/Admin/Mailer   由于未知原因，您的邮件在北京时间2017-02-23 21:20:39发送十次后失败，邮件被退回，邮件：LMS学习管理系统的注册邮件---<!DOCTYPE html>
<html lang="en">
<head>
    <meta charset="UTF-8">
    <title>注册邮件</title>
</head>
<body>
<h1>尊敬的wang-2，您好！</h1>


<p>点击链接即可激活您的慕课账号,</p>

<a href="http://localhost/ThinkPHP/index.php?s=/Index/Register/active/active/671e9f901548e3b366001698ce16d335de68eac1">http://localhost/ThinkPHP/index.php?s=/Index/Register/active/active/671e9f901548e3b366001698ce16d335de68eac1</a>
<p>为保障您的帐号安全，请在24小时内点击该链接，您也可以将链接复制到浏览器地址栏访问。如果您并未尝试激活邮箱，请忽略本邮件，由此给您带来的不便请谅解。</p>


<p>本邮件由系统自动发出，请勿直接回复！</p>
</body>
</html>
